2025/09/26 13:51:56 INFO  No logger configured for temporal client. Created default one.
2025/09/26 13:51:56 INFO  Started Worker Namespace default TaskQueue my-task-queue WorkerID 19575@liubaideMacBook-Air.local@
2025/09/26 13:52:00 DEBUG NewTimer Namespace default TaskQueue my-task-queue WorkerID 19575@liubaideMacBook-Air.local@ WorkflowType FiveActivityWorkflow WorkflowID five-activity-workflow RunID 01998494-10a1-7d8c-a901-f2833bc4d4ba Attempt 1 TimerID 6 Duration 100ms
2025/09/26 13:52:01 DEBUG NewTimer Namespace default TaskQueue my-task-queue WorkerID 19575@liubaideMacBook-Air.local@ WorkflowType FiveActivityWorkflow WorkflowID five-activity-workflow RunID 01998494-10a1-7d8c-a901-f2833bc4d4ba Attempt 1 TimerID 15 Duration 100ms
2025/09/26 13:52:02 DEBUG NewTimer Namespace default TaskQueue my-task-queue WorkerID 19575@liubaideMacBook-Air.local@ WorkflowType FiveActivityWorkflow WorkflowID five-activity-workflow RunID 01998494-10a1-7d8c-a901-f2833bc4d4ba Attempt 1 TimerID 20 Duration 100ms
2025/09/26 13:52:03 DEBUG NewTimer Namespace default TaskQueue my-task-queue WorkerID 19575@liubaideMacBook-Air.local@ WorkflowType FiveActivityWorkflow WorkflowID five-activity-workflow RunID 01998494-10a1-7d8c-a901-f2833bc4d4ba Attempt 1 TimerID 25 Duration 100ms
2025/09/26 13:52:04 DEBUG NewTimer Namespace default TaskQueue my-task-queue WorkerID 19575@liubaideMacBook-Air.local@ WorkflowType FiveActivityWorkflow WorkflowID five-activity-workflow RunID 01998494-10a1-7d8c-a901-f2833bc4d4ba Attempt 1 TimerID 30 Duration 100ms
2025/09/26 13:52:05 DEBUG NewTimer Namespace default TaskQueue my-task-queue WorkerID 19575@liubaideMacBook-Air.local@ WorkflowType FiveActivityWorkflow WorkflowID five-activity-workflow RunID 01998494-10a1-7d8c-a901-f2833bc4d4ba Attempt 1 TimerID 35 Duration 100ms
2025/09/26 13:52:06 DEBUG NewTimer Namespace default TaskQueue my-task-queue WorkerID 19575@liubaideMacBook-Air.local@ WorkflowType FiveActivityWorkflow WorkflowID five-activity-workflow RunID 01998494-10a1-7d8c-a901-f2833bc4d4ba Attempt 1 TimerID 40 Duration 100ms
2025/09/26 13:52:07 DEBUG NewTimer Namespace default TaskQueue my-task-queue WorkerID 19575@liubaideMacBook-Air.local@ WorkflowType FiveActivityWorkflow WorkflowID five-activity-workflow RunID 01998494-10a1-7d8c-a901-f2833bc4d4ba Attempt 1 TimerID 45 Duration 100ms
2025/09/26 13:52:08 DEBUG NewTimer Namespace default TaskQueue my-task-queue WorkerID 19575@liubaideMacBook-Air.local@ WorkflowType FiveActivityWorkflow WorkflowID five-activity-workflow RunID 01998494-10a1-7d8c-a901-f2833bc4d4ba Attempt 1 TimerID 50 Duration 100ms
2025/09/26 13:52:09 DEBUG NewTimer Namespace default TaskQueue my-task-queue WorkerID 19575@liubaideMacBook-Air.local@ WorkflowType FiveActivityWorkflow WorkflowID five-activity-workflow RunID 01998494-10a1-7d8c-a901-f2833bc4d4ba Attempt 1 TimerID 55 Duration 100ms
2025/09/26 13:52:10 DEBUG NewTimer Namespace default TaskQueue my-task-queue WorkerID 19575@liubaideMacBook-Air.local@ WorkflowType FiveActivityWorkflow WorkflowID five-activity-workflow RunID 01998494-10a1-7d8c-a901-f2833bc4d4ba Attempt 1 TimerID 60 Duration 100ms
2025/09/26 13:52:11 DEBUG NewTimer Namespace default TaskQueue my-task-queue WorkerID 19575@liubaideMacBook-Air.local@ WorkflowType FiveActivityWorkflow WorkflowID five-activity-workflow RunID 01998494-10a1-7d8c-a901-f2833bc4d4ba Attempt 1 TimerID 65 Duration 100ms
2025/09/26 13:52:12 DEBUG NewTimer Namespace default TaskQueue my-task-queue WorkerID 19575@liubaideMacBook-Air.local@ WorkflowType FiveActivityWorkflow WorkflowID five-activity-workflow RunID 01998494-10a1-7d8c-a901-f2833bc4d4ba Attempt 1 TimerID 70 Duration 100ms
2025/09/26 13:52:13 DEBUG NewTimer Namespace default TaskQueue my-task-queue WorkerID 19575@liubaideMacBook-Air.local@ WorkflowType FiveActivityWorkflow WorkflowID five-activity-workflow RunID 01998494-10a1-7d8c-a901-f2833bc4d4ba Attempt 1 TimerID 75 Duration 100ms
2025/09/26 13:52:14 DEBUG NewTimer Namespace default TaskQueue my-task-queue WorkerID 19575@liubaideMacBook-Air.local@ WorkflowType FiveActivityWorkflow WorkflowID five-activity-workflow RunID 01998494-10a1-7d8c-a901-f2833bc4d4ba Attempt 1 TimerID 80 Duration 100ms
2025/09/26 13:52:15 DEBUG NewTimer Namespace default TaskQueue my-task-queue WorkerID 19575@liubaideMacBook-Air.local@ WorkflowType FiveActivityWorkflow WorkflowID five-activity-workflow RunID 01998494-10a1-7d8c-a901-f2833bc4d4ba Attempt 1 TimerID 85 Duration 100ms
2025/09/26 13:52:16 DEBUG NewTimer Namespace default TaskQueue my-task-queue WorkerID 19575@liubaideMacBook-Air.local@ WorkflowType FiveActivityWorkflow WorkflowID five-activity-workflow RunID 01998494-10a1-7d8c-a901-f2833bc4d4ba Attempt 1 TimerID 90 Duration 100ms
2025/09/26 13:52:17 DEBUG NewTimer Namespace default TaskQueue my-task-queue WorkerID 19575@liubaideMacBook-Air.local@ WorkflowType FiveActivityWorkflow WorkflowID five-activity-workflow RunID 01998494-10a1-7d8c-a901-f2833bc4d4ba Attempt 1 TimerID 95 Duration 100ms
2025/09/26 13:52:18 DEBUG NewTimer Namespace default TaskQueue my-task-queue WorkerID 19575@liubaideMacBook-Air.local@ WorkflowType FiveActivityWorkflow WorkflowID five-activity-workflow RunID 01998494-10a1-7d8c-a901-f2833bc4d4ba Attempt 1 TimerID 100 Duration 100ms
2025/09/26 13:52:19 DEBUG NewTimer Namespace default TaskQueue my-task-queue WorkerID 19575@liubaideMacBook-Air.local@ WorkflowType FiveActivityWorkflow WorkflowID five-activity-workflow RunID 01998494-10a1-7d8c-a901-f2833bc4d4ba Attempt 1 TimerID 105 Duration 100ms
2025/09/26 13:52:20 DEBUG NewTimer Namespace default TaskQueue my-task-queue WorkerID 19575@liubaideMacBook-Air.local@ WorkflowType FiveActivityWorkflow WorkflowID five-activity-workflow RunID 01998494-10a1-7d8c-a901-f2833bc4d4ba Attempt 1 TimerID 110 Duration 100ms
2025/09/26 13:52:21 DEBUG NewTimer Namespace default TaskQueue my-task-queue WorkerID 19575@liubaideMacBook-Air.local@ WorkflowType FiveActivityWorkflow WorkflowID five-activity-workflow RunID 01998494-10a1-7d8c-a901-f2833bc4d4ba Attempt 1 TimerID 115 Duration 100ms
2025/09/26 13:52:22 DEBUG NewTimer Namespace default TaskQueue my-task-queue WorkerID 19575@liubaideMacBook-Air.local@ WorkflowType FiveActivityWorkflow WorkflowID five-activity-workflow RunID 01998494-10a1-7d8c-a901-f2833bc4d4ba Attempt 1 TimerID 120 Duration 100ms
2025/09/26 13:52:23 DEBUG NewTimer Namespace default TaskQueue my-task-queue WorkerID 19575@liubaideMacBook-Air.local@ WorkflowType FiveActivityWorkflow WorkflowID five-activity-workflow RunID 01998494-10a1-7d8c-a901-f2833bc4d4ba Attempt 1 TimerID 125 Duration 100ms
2025/09/26 13:52:24 DEBUG NewTimer Namespace default TaskQueue my-task-queue WorkerID 19575@liubaideMacBook-Air.local@ WorkflowType FiveActivityWorkflow WorkflowID five-activity-workflow RunID 01998494-10a1-7d8c-a901-f2833bc4d4ba Attempt 1 TimerID 130 Duration 100ms
2025/09/26 13:52:25 DEBUG NewTimer Namespace default TaskQueue my-task-queue WorkerID 19575@liubaideMacBook-Air.local@ WorkflowType FiveActivityWorkflow WorkflowID five-activity-workflow RunID 01998494-10a1-7d8c-a901-f2833bc4d4ba Attempt 1 TimerID 135 Duration 100ms
2025/09/26 13:52:26 DEBUG NewTimer Namespace default TaskQueue my-task-queue WorkerID 19575@liubaideMacBook-Air.local@ WorkflowType FiveActivityWorkflow WorkflowID five-activity-workflow RunID 01998494-10a1-7d8c-a901-f2833bc4d4ba Attempt 1 TimerID 140 Duration 100ms
2025/09/26 13:52:27 DEBUG NewTimer Namespace default TaskQueue my-task-queue WorkerID 19575@liubaideMacBook-Air.local@ WorkflowType FiveActivityWorkflow WorkflowID five-activity-workflow RunID 01998494-10a1-7d8c-a901-f2833bc4d4ba Attempt 1 TimerID 145 Duration 100ms
2025/09/26 13:52:28 DEBUG NewTimer Namespace default TaskQueue my-task-queue WorkerID 19575@liubaideMacBook-Air.local@ WorkflowType FiveActivityWorkflow WorkflowID five-activity-workflow RunID 01998494-10a1-7d8c-a901-f2833bc4d4ba Attempt 1 TimerID 150 Duration 100ms
2025/09/26 13:52:29 DEBUG NewTimer Namespace default TaskQueue my-task-queue WorkerID 19575@liubaideMacBook-Air.local@ WorkflowType FiveActivityWorkflow WorkflowID five-activity-workflow RunID 01998494-10a1-7d8c-a901-f2833bc4d4ba Attempt 1 TimerID 155 Duration 100ms
2025/09/26 13:52:30 DEBUG NewTimer Namespace default TaskQueue my-task-queue WorkerID 19575@liubaideMacBook-Air.local@ WorkflowType FiveActivityWorkflow WorkflowID five-activity-workflow RunID 01998494-10a1-7d8c-a901-f2833bc4d4ba Attempt 1 TimerID 160 Duration 100ms
2025/09/26 13:52:31 DEBUG NewTimer Namespace default TaskQueue my-task-queue WorkerID 19575@liubaideMacBook-Air.local@ WorkflowType FiveActivityWorkflow WorkflowID five-activity-workflow RunID 01998494-10a1-7d8c-a901-f2833bc4d4ba Attempt 1 TimerID 165 Duration 100ms
2025/09/26 13:52:32 DEBUG NewTimer Namespace default TaskQueue my-task-queue WorkerID 19575@liubaideMacBook-Air.local@ WorkflowType FiveActivityWorkflow WorkflowID five-activity-workflow RunID 01998494-10a1-7d8c-a901-f2833bc4d4ba Attempt 1 TimerID 170 Duration 100ms
2025/09/26 13:52:33 DEBUG NewTimer Namespace default TaskQueue my-task-queue WorkerID 19575@liubaideMacBook-Air.local@ WorkflowType FiveActivityWorkflow WorkflowID five-activity-workflow RunID 01998494-10a1-7d8c-a901-f2833bc4d4ba Attempt 1 TimerID 175 Duration 100ms
2025/09/26 13:52:34 DEBUG NewTimer Namespace default TaskQueue my-task-queue WorkerID 19575@liubaideMacBook-Air.local@ WorkflowType FiveActivityWorkflow WorkflowID five-activity-workflow RunID 01998494-10a1-7d8c-a901-f2833bc4d4ba Attempt 1 TimerID 180 Duration 100ms
2025/09/26 13:52:35 DEBUG NewTimer Namespace default TaskQueue my-task-queue WorkerID 19575@liubaideMacBook-Air.local@ WorkflowType FiveActivityWorkflow WorkflowID five-activity-workflow RunID 01998494-10a1-7d8c-a901-f2833bc4d4ba Attempt 1 TimerID 185 Duration 100ms
2025/09/26 13:52:36 DEBUG NewTimer Namespace default TaskQueue my-task-queue WorkerID 19575@liubaideMacBook-Air.local@ WorkflowType FiveActivityWorkflow WorkflowID five-activity-workflow RunID 01998494-10a1-7d8c-a901-f2833bc4d4ba Attempt 1 TimerID 190 Duration 100ms
2025/09/26 13:52:37 DEBUG NewTimer Namespace default TaskQueue my-task-queue WorkerID 19575@liubaideMacBook-Air.local@ WorkflowType FiveActivityWorkflow WorkflowID five-activity-workflow RunID 01998494-10a1-7d8c-a901-f2833bc4d4ba Attempt 1 TimerID 195 Duration 100ms
2025/09/26 13:52:38 DEBUG NewTimer Namespace default TaskQueue my-task-queue WorkerID 19575@liubaideMacBook-Air.local@ WorkflowType FiveActivityWorkflow WorkflowID five-activity-workflow RunID 01998494-10a1-7d8c-a901-f2833bc4d4ba Attempt 1 TimerID 200 Duration 100ms
2025/09/26 13:52:39 DEBUG NewTimer Namespace default TaskQueue my-task-queue WorkerID 19575@liubaideMacBook-Air.local@ WorkflowType FiveActivityWorkflow WorkflowID five-activity-workflow RunID 01998494-10a1-7d8c-a901-f2833bc4d4ba Attempt 1 TimerID 205 Duration 100ms
2025/09/26 13:52:40 DEBUG NewTimer Namespace default TaskQueue my-task-queue WorkerID 19575@liubaideMacBook-Air.local@ WorkflowType FiveActivityWorkflow WorkflowID five-activity-workflow RunID 01998494-10a1-7d8c-a901-f2833bc4d4ba Attempt 1 TimerID 210 Duration 100ms
2025/09/26 13:52:41 DEBUG NewTimer Namespace default TaskQueue my-task-queue WorkerID 19575@liubaideMacBook-Air.local@ WorkflowType FiveActivityWorkflow WorkflowID five-activity-workflow RunID 01998494-10a1-7d8c-a901-f2833bc4d4ba Attempt 1 TimerID 215 Duration 100ms
2025/09/26 13:52:42 DEBUG NewTimer Namespace default TaskQueue my-task-queue WorkerID 19575@liubaideMacBook-Air.local@ WorkflowType FiveActivityWorkflow WorkflowID five-activity-workflow RunID 01998494-10a1-7d8c-a901-f2833bc4d4ba Attempt 1 TimerID 220 Duration 100ms
2025/09/26 13:52:43 DEBUG NewTimer Namespace default TaskQueue my-task-queue WorkerID 19575@liubaideMacBook-Air.local@ WorkflowType FiveActivityWorkflow WorkflowID five-activity-workflow RunID 01998494-10a1-7d8c-a901-f2833bc4d4ba Attempt 1 TimerID 225 Duration 100ms
2025/09/26 13:52:44 DEBUG NewTimer Namespace default TaskQueue my-task-queue WorkerID 19575@liubaideMacBook-Air.local@ WorkflowType FiveActivityWorkflow WorkflowID five-activity-workflow RunID 01998494-10a1-7d8c-a901-f2833bc4d4ba Attempt 1 TimerID 230 Duration 100ms
2025/09/26 13:52:45 DEBUG NewTimer Namespace default TaskQueue my-task-queue WorkerID 19575@liubaideMacBook-Air.local@ WorkflowType FiveActivityWorkflow WorkflowID five-activity-workflow RunID 01998494-10a1-7d8c-a901-f2833bc4d4ba Attempt 1 TimerID 235 Duration 100ms
2025/09/26 13:52:46 DEBUG NewTimer Namespace default TaskQueue my-task-queue WorkerID 19575@liubaideMacBook-Air.local@ WorkflowType FiveActivityWorkflow WorkflowID five-activity-workflow RunID 01998494-10a1-7d8c-a901-f2833bc4d4ba Attempt 1 TimerID 240 Duration 100ms
2025/09/26 13:52:47 DEBUG NewTimer Namespace default TaskQueue my-task-queue WorkerID 19575@liubaideMacBook-Air.local@ WorkflowType FiveActivityWorkflow WorkflowID five-activity-workflow RunID 01998494-10a1-7d8c-a901-f2833bc4d4ba Attempt 1 TimerID 245 Duration 100ms
2025/09/26 13:52:48 DEBUG NewTimer Namespace default TaskQueue my-task-queue WorkerID 19575@liubaideMacBook-Air.local@ WorkflowType FiveActivityWorkflow WorkflowID five-activity-workflow RunID 01998494-10a1-7d8c-a901-f2833bc4d4ba Attempt 1 TimerID 250 Duration 100ms
2025/09/26 13:52:48 INFO  Worker has been stopped. Namespace default TaskQueue my-task-queue WorkerID 19575@liubaideMacBook-Air.local@ Signal terminated
2025/09/26 13:52:48 INFO  Stopped Worker Namespace default TaskQueue my-task-queue WorkerID 19575@liubaideMacBook-Air.local@
